2018-12-13T16:15:25.672Z debug: 2786f194-9d07-432f-8742-8712af7b9332 { NotFoundError: Not Found
    at _0bc‍.r.app.use (/home/techjini/Documents/projects/trial-projects/REQUIRED/node-server-template/main.js:21:8)
    at Layer.handle [as handle_request] (/home/techjini/Documents/projects/trial-projects/REQUIRED/node-server-template/node_modules/express/lib/router/layer.js:95:5)
    at trim_prefix (/home/techjini/Documents/projects/trial-projects/REQUIRED/node-server-template/node_modules/express/lib/router/index.js:317:13)
    at /home/techjini/Documents/projects/trial-projects/REQUIRED/node-server-template/node_modules/express/lib/router/index.js:284:7
    at Function.process_params (/home/techjini/Documents/projects/trial-projects/REQUIRED/node-server-template/node_modules/express/lib/router/index.js:335:12)
    at Immediate.next (/home/techjini/Documents/projects/trial-projects/REQUIRED/node-server-template/node_modules/express/lib/router/index.js:275:10)
    at Immediate._onImmediate (/home/techjini/Documents/projects/trial-projects/REQUIRED/node-server-template/node_modules/express/lib/router/index.js:635:15)
    at runCallback (timers.js:697:11)
    at tryOnImmediate (timers.js:667:5)
    at processImmediate (timers.js:649:5) message: 'Not Found', expose: false }
2018-12-13T16:15:25.771Z debug: 456a90fa-90f6-4b5b-bb1e-0bbe0a902505 { NotFoundError: Not Found
    at _0bc‍.r.app.use (/home/techjini/Documents/projects/trial-projects/REQUIRED/node-server-template/main.js:21:8)
    at Layer.handle [as handle_request] (/home/techjini/Documents/projects/trial-projects/REQUIRED/node-server-template/node_modules/express/lib/router/layer.js:95:5)
    at trim_prefix (/home/techjini/Documents/projects/trial-projects/REQUIRED/node-server-template/node_modules/express/lib/router/index.js:317:13)
    at /home/techjini/Documents/projects/trial-projects/REQUIRED/node-server-template/node_modules/express/lib/router/index.js:284:7
    at Function.process_params (/home/techjini/Documents/projects/trial-projects/REQUIRED/node-server-template/node_modules/express/lib/router/index.js:335:12)
    at Immediate.next (/home/techjini/Documents/projects/trial-projects/REQUIRED/node-server-template/node_modules/express/lib/router/index.js:275:10)
    at Immediate._onImmediate (/home/techjini/Documents/projects/trial-projects/REQUIRED/node-server-template/node_modules/express/lib/router/index.js:635:15)
    at runCallback (timers.js:697:11)
    at tryOnImmediate (timers.js:667:5)
    at processImmediate (timers.js:649:5) message: 'Not Found', expose: false }
2018-12-13T16:46:35.377Z debug: db8c52c4-df85-4709-bea4-ed3ae9cb0cdd { NotFoundError: Not Found
    at _25e‍.r.app.use (/home/techjini/Documents/projects/trial-projects/REQUIRED/node-server-template/main.js:27:8)
    at Layer.handle [as handle_request] (/home/techjini/Documents/projects/trial-projects/REQUIRED/node-server-template/node_modules/express/lib/router/layer.js:95:5)
    at trim_prefix (/home/techjini/Documents/projects/trial-projects/REQUIRED/node-server-template/node_modules/express/lib/router/index.js:317:13)
    at /home/techjini/Documents/projects/trial-projects/REQUIRED/node-server-template/node_modules/express/lib/router/index.js:284:7
    at Function.process_params (/home/techjini/Documents/projects/trial-projects/REQUIRED/node-server-template/node_modules/express/lib/router/index.js:335:12)
    at next (/home/techjini/Documents/projects/trial-projects/REQUIRED/node-server-template/node_modules/express/lib/router/index.js:275:10)
    at /home/techjini/Documents/projects/trial-projects/REQUIRED/node-server-template/node_modules/express/lib/router/index.js:635:15
    at next (/home/techjini/Documents/projects/trial-projects/REQUIRED/node-server-template/node_modules/express/lib/router/index.js:260:14)
    at Function.handle (/home/techjini/Documents/projects/trial-projects/REQUIRED/node-server-template/node_modules/express/lib/router/index.js:174:3)
    at router (/home/techjini/Documents/projects/trial-projects/REQUIRED/node-server-template/node_modules/express/lib/router/index.js:47:12) message: 'Not Found', expose: false }
